[18-Jun-2016 23:22:07 UTC] PHP Warning:  require_once(Classes/connection.class.php): failed to open stream: No such file or directory in /home/ubuntu/workspace/DB/Modules/send.php on line 2
[18-Jun-2016 23:22:07 UTC] PHP Stack trace:
[18-Jun-2016 23:22:07 UTC] PHP   1. {main}() /home/ubuntu/workspace/DB/Modules/send.php:0
[18-Jun-2016 23:22:07 UTC] PHP Fatal error:  require_once(): Failed opening required 'Classes/connection.class.php' (include_path='.:/usr/share/php:/usr/share/pear') in /home/ubuntu/workspace/DB/Modules/send.php on line 2
[18-Jun-2016 23:22:07 UTC] PHP Stack trace:
[18-Jun-2016 23:22:07 UTC] PHP   1. {main}() /home/ubuntu/workspace/DB/Modules/send.php:0
[18-Jun-2016 23:22:51 UTC] PHP Warning:  require_once(Classes/connection.class.php): failed to open stream: No such file or directory in /home/ubuntu/workspace/DB/Modules/send.php on line 2
[18-Jun-2016 23:22:51 UTC] PHP Stack trace:
[18-Jun-2016 23:22:51 UTC] PHP   1. {main}() /home/ubuntu/workspace/DB/Modules/send.php:0
[18-Jun-2016 23:22:51 UTC] PHP Fatal error:  require_once(): Failed opening required 'Classes/connection.class.php' (include_path='.:/usr/share/php:/usr/share/pear') in /home/ubuntu/workspace/DB/Modules/send.php on line 2
[18-Jun-2016 23:22:51 UTC] PHP Stack trace:
[18-Jun-2016 23:22:51 UTC] PHP   1. {main}() /home/ubuntu/workspace/DB/Modules/send.php:0
[18-Jun-2016 23:23:11 UTC] PHP Warning:  require_once(Classes/connection.class.php): failed to open stream: No such file or directory in /home/ubuntu/workspace/DB/Modules/send.php on line 2
[18-Jun-2016 23:23:11 UTC] PHP Stack trace:
[18-Jun-2016 23:23:11 UTC] PHP   1. {main}() /home/ubuntu/workspace/DB/Modules/send.php:0
[18-Jun-2016 23:23:11 UTC] PHP Fatal error:  require_once(): Failed opening required 'Classes/connection.class.php' (include_path='.:/usr/share/php:/usr/share/pear') in /home/ubuntu/workspace/DB/Modules/send.php on line 2
[18-Jun-2016 23:23:11 UTC] PHP Stack trace:
[18-Jun-2016 23:23:11 UTC] PHP   1. {main}() /home/ubuntu/workspace/DB/Modules/send.php:0
[18-Jun-2016 23:23:51 UTC] PHP Warning:  Creating default object from empty value in /home/ubuntu/workspace/DB/Classes/connection.class.php on line 20
[18-Jun-2016 23:23:51 UTC] PHP Stack trace:
[18-Jun-2016 23:23:51 UTC] PHP   1. {main}() /home/ubuntu/workspace/DB/Modules/send.php:0
[18-Jun-2016 23:23:51 UTC] PHP   2. options::send() /home/ubuntu/workspace/DB/Modules/send.php:4
[18-Jun-2016 23:23:51 UTC] PHP   3. Connection::connect() /home/ubuntu/workspace/DB/Classes/option.class.php:66
[18-Jun-2016 23:24:13 UTC] PHP Warning:  Creating default object from empty value in /home/ubuntu/workspace/DB/Classes/connection.class.php on line 20
[18-Jun-2016 23:24:13 UTC] PHP Stack trace:
[18-Jun-2016 23:24:13 UTC] PHP   1. {main}() /home/ubuntu/workspace/DB/Modules/send.php:0
[18-Jun-2016 23:24:13 UTC] PHP   2. options::send() /home/ubuntu/workspace/DB/Modules/send.php:4
[18-Jun-2016 23:24:13 UTC] PHP   3. Connection::connect() /home/ubuntu/workspace/DB/Classes/option.class.php:66
[18-Jun-2016 23:25:08 UTC] PHP Warning:  Creating default object from empty value in /home/ubuntu/workspace/DB/Classes/connection.class.php on line 20
[18-Jun-2016 23:25:08 UTC] PHP Stack trace:
[18-Jun-2016 23:25:08 UTC] PHP   1. {main}() /home/ubuntu/workspace/DB/Modules/send.php:0
[18-Jun-2016 23:25:08 UTC] PHP   2. options::send() /home/ubuntu/workspace/DB/Modules/send.php:4
[18-Jun-2016 23:25:08 UTC] PHP   3. Connection::connect() /home/ubuntu/workspace/DB/Classes/option.class.php:66
[18-Jun-2016 23:25:17 UTC] PHP Warning:  Creating default object from empty value in /home/ubuntu/workspace/DB/Classes/connection.class.php on line 20
[18-Jun-2016 23:25:17 UTC] PHP Stack trace:
[18-Jun-2016 23:25:17 UTC] PHP   1. {main}() /home/ubuntu/workspace/DB/Modules/update.php:0
[18-Jun-2016 23:25:17 UTC] PHP   2. options::update() /home/ubuntu/workspace/DB/Modules/update.php:4
[18-Jun-2016 23:25:17 UTC] PHP   3. Connection::connect() /home/ubuntu/workspace/DB/Classes/option.class.php:90
[18-Jun-2016 23:25:38 UTC] PHP Warning:  Creating default object from empty value in /home/ubuntu/workspace/DB/Classes/connection.class.php on line 20
[18-Jun-2016 23:25:38 UTC] PHP Stack trace:
[18-Jun-2016 23:25:38 UTC] PHP   1. {main}() /home/ubuntu/workspace/DB/Modules/update.php:0
[18-Jun-2016 23:25:38 UTC] PHP   2. options::update() /home/ubuntu/workspace/DB/Modules/update.php:4
[18-Jun-2016 23:25:38 UTC] PHP   3. Connection::connect() /home/ubuntu/workspace/DB/Classes/option.class.php:90
[18-Jun-2016 23:26:38 UTC] PHP Warning:  Creating default object from empty value in /home/ubuntu/workspace/DB/Classes/connection.class.php on line 20
[18-Jun-2016 23:26:38 UTC] PHP Stack trace:
[18-Jun-2016 23:26:38 UTC] PHP   1. {main}() /home/ubuntu/workspace/DB/Modules/update.php:0
[18-Jun-2016 23:26:38 UTC] PHP   2. options::update() /home/ubuntu/workspace/DB/Modules/update.php:4
[18-Jun-2016 23:26:38 UTC] PHP   3. Connection::connect() /home/ubuntu/workspace/DB/Classes/option.class.php:90
[18-Jun-2016 23:26:40 UTC] PHP Warning:  Creating default object from empty value in /home/ubuntu/workspace/DB/Classes/connection.class.php on line 20
[18-Jun-2016 23:26:40 UTC] PHP Stack trace:
[18-Jun-2016 23:26:40 UTC] PHP   1. {main}() /home/ubuntu/workspace/DB/Modules/delete.php:0
[18-Jun-2016 23:26:40 UTC] PHP   2. options::delete() /home/ubuntu/workspace/DB/Modules/delete.php:4
[18-Jun-2016 23:26:40 UTC] PHP   3. Connection::connect() /home/ubuntu/workspace/DB/Classes/option.class.php:50
[18-Jun-2016 23:26:42 UTC] PHP Warning:  Creating default object from empty value in /home/ubuntu/workspace/DB/Classes/connection.class.php on line 20
[18-Jun-2016 23:26:42 UTC] PHP Stack trace:
[18-Jun-2016 23:26:42 UTC] PHP   1. {main}() /home/ubuntu/workspace/DB/Modules/delete.php:0
[18-Jun-2016 23:26:42 UTC] PHP   2. options::delete() /home/ubuntu/workspace/DB/Modules/delete.php:4
[18-Jun-2016 23:26:42 UTC] PHP   3. Connection::connect() /home/ubuntu/workspace/DB/Classes/option.class.php:50
[19-Jun-2016 10:07:21 UTC] PHP Warning:  Creating default object from empty value in /home/ubuntu/workspace/DB/Classes/connection.class.php on line 20
[19-Jun-2016 10:07:21 UTC] PHP Stack trace:
[19-Jun-2016 10:07:21 UTC] PHP   1. {main}() /home/ubuntu/workspace/DB/Modules/update.php:0
[19-Jun-2016 10:07:21 UTC] PHP   2. options::update() /home/ubuntu/workspace/DB/Modules/update.php:4
[19-Jun-2016 10:07:21 UTC] PHP   3. Connection::connect() /home/ubuntu/workspace/DB/Classes/option.class.php:110
[19-Jun-2016 10:08:16 UTC] PHP Warning:  Creating default object from empty value in /home/ubuntu/workspace/DB/Classes/connection.class.php on line 20
[19-Jun-2016 10:08:16 UTC] PHP Stack trace:
[19-Jun-2016 10:08:16 UTC] PHP   1. {main}() /home/ubuntu/workspace/DB/Modules/update.php:0
[19-Jun-2016 10:08:16 UTC] PHP   2. options::update() /home/ubuntu/workspace/DB/Modules/update.php:4
[19-Jun-2016 10:08:16 UTC] PHP   3. Connection::connect() /home/ubuntu/workspace/DB/Classes/option.class.php:111
[19-Jun-2016 10:08:44 UTC] PHP Warning:  Creating default object from empty value in /home/ubuntu/workspace/DB/Classes/connection.class.php on line 20
[19-Jun-2016 10:08:44 UTC] PHP Stack trace:
[19-Jun-2016 10:08:44 UTC] PHP   1. {main}() /home/ubuntu/workspace/DB/Modules/update.php:0
[19-Jun-2016 10:08:44 UTC] PHP   2. options::update() /home/ubuntu/workspace/DB/Modules/update.php:4
[19-Jun-2016 10:08:44 UTC] PHP   3. Connection::connect() /home/ubuntu/workspace/DB/Classes/option.class.php:111
[19-Jun-2016 14:45:19 UTC] PHP Warning:  include_once(config.inc.php): failed to open stream: No such file or directory in /home/ubuntu/workspace/DB/Classes/connection.class.php on line 2
[19-Jun-2016 14:45:19 UTC] PHP Stack trace:
[19-Jun-2016 14:45:19 UTC] PHP   1. {main}() /home/ubuntu/workspace/DB/Modules/send.php:0
[19-Jun-2016 14:45:19 UTC] PHP   2. require_once() /home/ubuntu/workspace/DB/Modules/send.php:2
[19-Jun-2016 14:45:19 UTC] PHP Warning:  include_once(): Failed opening 'config.inc.php' for inclusion (include_path='.:/usr/share/php:/usr/share/pear') in /home/ubuntu/workspace/DB/Classes/connection.class.php on line 2
[19-Jun-2016 14:45:19 UTC] PHP Stack trace:
[19-Jun-2016 14:45:19 UTC] PHP   1. {main}() /home/ubuntu/workspace/DB/Modules/send.php:0
[19-Jun-2016 14:45:19 UTC] PHP   2. require_once() /home/ubuntu/workspace/DB/Modules/send.php:2
[19-Jun-2016 14:45:19 UTC] PHP Warning:  Creating default object from empty value in /home/ubuntu/workspace/DB/Classes/connection.class.php on line 21
[19-Jun-2016 14:45:19 UTC] PHP Stack trace:
[19-Jun-2016 14:45:19 UTC] PHP   1. {main}() /home/ubuntu/workspace/DB/Modules/send.php:0
[19-Jun-2016 14:45:19 UTC] PHP   2. options::send() /home/ubuntu/workspace/DB/Modules/send.php:4
[19-Jun-2016 14:45:19 UTC] PHP   3. Connection::connect() /home/ubuntu/workspace/DB/Classes/option.class.php:66
[19-Jun-2016 14:45:24 UTC] PHP Warning:  include_once(config.inc.php): failed to open stream: No such file or directory in /home/ubuntu/workspace/DB/Classes/connection.class.php on line 2
[19-Jun-2016 14:45:24 UTC] PHP Stack trace:
[19-Jun-2016 14:45:24 UTC] PHP   1. {main}() /home/ubuntu/workspace/DB/Modules/delete.php:0
[19-Jun-2016 14:45:24 UTC] PHP   2. require_once() /home/ubuntu/workspace/DB/Modules/delete.php:2
[19-Jun-2016 14:45:24 UTC] PHP Warning:  include_once(): Failed opening 'config.inc.php' for inclusion (include_path='.:/usr/share/php:/usr/share/pear') in /home/ubuntu/workspace/DB/Classes/connection.class.php on line 2
[19-Jun-2016 14:45:24 UTC] PHP Stack trace:
[19-Jun-2016 14:45:24 UTC] PHP   1. {main}() /home/ubuntu/workspace/DB/Modules/delete.php:0
[19-Jun-2016 14:45:24 UTC] PHP   2. require_once() /home/ubuntu/workspace/DB/Modules/delete.php:2
[19-Jun-2016 14:45:24 UTC] PHP Warning:  Creating default object from empty value in /home/ubuntu/workspace/DB/Classes/connection.class.php on line 21
[19-Jun-2016 14:45:24 UTC] PHP Stack trace:
[19-Jun-2016 14:45:24 UTC] PHP   1. {main}() /home/ubuntu/workspace/DB/Modules/delete.php:0
[19-Jun-2016 14:45:24 UTC] PHP   2. options::delete() /home/ubuntu/workspace/DB/Modules/delete.php:4
[19-Jun-2016 14:45:24 UTC] PHP   3. Connection::connect() /home/ubuntu/workspace/DB/Classes/option.class.php:50
[19-Jun-2016 14:45:28 UTC] PHP Warning:  include_once(config.inc.php): failed to open stream: No such file or directory in /home/ubuntu/workspace/DB/Classes/connection.class.php on line 2
[19-Jun-2016 14:45:28 UTC] PHP Stack trace:
[19-Jun-2016 14:45:28 UTC] PHP   1. {main}() /home/ubuntu/workspace/DB/Modules/delete.php:0
[19-Jun-2016 14:45:28 UTC] PHP   2. require_once() /home/ubuntu/workspace/DB/Modules/delete.php:2
[19-Jun-2016 14:45:28 UTC] PHP Warning:  include_once(): Failed opening 'config.inc.php' for inclusion (include_path='.:/usr/share/php:/usr/share/pear') in /home/ubuntu/workspace/DB/Classes/connection.class.php on line 2
[19-Jun-2016 14:45:28 UTC] PHP Stack trace:
[19-Jun-2016 14:45:28 UTC] PHP   1. {main}() /home/ubuntu/workspace/DB/Modules/delete.php:0
[19-Jun-2016 14:45:28 UTC] PHP   2. require_once() /home/ubuntu/workspace/DB/Modules/delete.php:2
[19-Jun-2016 14:45:28 UTC] PHP Warning:  Creating default object from empty value in /home/ubuntu/workspace/DB/Classes/connection.class.php on line 21
[19-Jun-2016 14:45:28 UTC] PHP Stack trace:
[19-Jun-2016 14:45:28 UTC] PHP   1. {main}() /home/ubuntu/workspace/DB/Modules/delete.php:0
[19-Jun-2016 14:45:28 UTC] PHP   2. options::delete() /home/ubuntu/workspace/DB/Modules/delete.php:4
[19-Jun-2016 14:45:28 UTC] PHP   3. Connection::connect() /home/ubuntu/workspace/DB/Classes/option.class.php:50
[19-Jun-2016 16:03:32 UTC] PHP Fatal error:  Call to a member function prepare() on a non-object in /home/ubuntu/workspace/DB/Classes/option.class.php on line 74
[19-Jun-2016 16:03:32 UTC] PHP Stack trace:
[19-Jun-2016 16:03:32 UTC] PHP   1. {main}() /home/ubuntu/workspace/DB/Modules/send.php:0
[19-Jun-2016 16:03:32 UTC] PHP   2. options::send() /home/ubuntu/workspace/DB/Modules/send.php:4
[19-Jun-2016 16:05:11 UTC] PHP Fatal error:  Call to a member function prepare() on a non-object in /home/ubuntu/workspace/DB/Classes/option.class.php on line 74
[19-Jun-2016 16:05:11 UTC] PHP Stack trace:
[19-Jun-2016 16:05:11 UTC] PHP   1. {main}() /home/ubuntu/workspace/DB/Modules/send.php:0
[19-Jun-2016 16:05:11 UTC] PHP   2. options::send() /home/ubuntu/workspace/DB/Modules/send.php:4
[19-Jun-2016 16:06:47 UTC] PHP Fatal error:  Call to a member function prepare() on a non-object in /home/ubuntu/workspace/DB/Classes/option.class.php on line 74
[19-Jun-2016 16:06:47 UTC] PHP Stack trace:
[19-Jun-2016 16:06:47 UTC] PHP   1. {main}() /home/ubuntu/workspace/DB/Modules/send.php:0
[19-Jun-2016 16:06:47 UTC] PHP   2. options::send() /home/ubuntu/workspace/DB/Modules/send.php:4
[19-Jun-2016 16:12:54 UTC] PHP Fatal error:  Call to a member function prepare() on a non-object in /home/ubuntu/workspace/DB/Classes/option.class.php on line 54
[19-Jun-2016 16:12:54 UTC] PHP Stack trace:
[19-Jun-2016 16:12:54 UTC] PHP   1. {main}() /home/ubuntu/workspace/DB/Modules/delete.php:0
[19-Jun-2016 16:12:54 UTC] PHP   2. options::delete() /home/ubuntu/workspace/DB/Modules/delete.php:4
[19-Jun-2016 16:13:00 UTC] PHP Fatal error:  Call to a member function prepare() on a non-object in /home/ubuntu/workspace/DB/Classes/option.class.php on line 96
[19-Jun-2016 16:13:00 UTC] PHP Stack trace:
[19-Jun-2016 16:13:00 UTC] PHP   1. {main}() /home/ubuntu/workspace/DB/Modules/update.php:0
[19-Jun-2016 16:13:00 UTC] PHP   2. options::update() /home/ubuntu/workspace/DB/Modules/update.php:4
[19-Jun-2016 16:16:53 UTC] PHP Fatal error:  Cannot redeclare class Connection in /home/ubuntu/workspace/DB/Classes/connection.class.php on line 2
[19-Jun-2016 16:16:53 UTC] PHP Stack trace:
[19-Jun-2016 16:16:53 UTC] PHP   1. {main}() /home/ubuntu/workspace/DB/Modules/send.php:0
[19-Jun-2016 16:16:53 UTC] PHP   2. require() /home/ubuntu/workspace/DB/Modules/send.php:3
[19-Jun-2016 16:18:28 UTC] PHP Warning:  Creating default object from empty value in /home/ubuntu/workspace/DB/Classes/connection.class.php on line 23
[19-Jun-2016 16:18:28 UTC] PHP Stack trace:
[19-Jun-2016 16:18:28 UTC] PHP   1. {main}() /home/ubuntu/workspace/DB/Modules/update.php:0
[19-Jun-2016 16:18:28 UTC] PHP   2. options::update() /home/ubuntu/workspace/DB/Modules/update.php:4
[19-Jun-2016 16:18:28 UTC] PHP   3. Connection::connect() /home/ubuntu/workspace/DB/Classes/option.class.php:90
[19-Jun-2016 16:18:30 UTC] PHP Warning:  Creating default object from empty value in /home/ubuntu/workspace/DB/Classes/connection.class.php on line 23
[19-Jun-2016 16:18:31 UTC] PHP Stack trace:
[19-Jun-2016 16:18:31 UTC] PHP   1. {main}() /home/ubuntu/workspace/DB/Modules/delete.php:0
[19-Jun-2016 16:18:31 UTC] PHP   2. options::delete() /home/ubuntu/workspace/DB/Modules/delete.php:4
[19-Jun-2016 16:18:31 UTC] PHP   3. Connection::connect() /home/ubuntu/workspace/DB/Classes/option.class.php:50
[20-Jun-2016 14:49:58 UTC] PHP Warning:  Creating default object from empty value in /home/ubuntu/workspace/DB/Classes/connection.class.php on line 23
[20-Jun-2016 14:49:58 UTC] PHP Stack trace:
[20-Jun-2016 14:49:58 UTC] PHP   1. {main}() /home/ubuntu/workspace/DB/Modules/update.php:0
[20-Jun-2016 14:49:58 UTC] PHP   2. options::update() /home/ubuntu/workspace/DB/Modules/update.php:4
[20-Jun-2016 14:49:58 UTC] PHP   3. Connection::connect() /home/ubuntu/workspace/DB/Classes/option.class.php:90
[20-Jun-2016 14:50:00 UTC] PHP Warning:  Creating default object from empty value in /home/ubuntu/workspace/DB/Classes/connection.class.php on line 23
[20-Jun-2016 14:50:00 UTC] PHP Stack trace:
[20-Jun-2016 14:50:00 UTC] PHP   1. {main}() /home/ubuntu/workspace/DB/Modules/delete.php:0
[20-Jun-2016 14:50:00 UTC] PHP   2. options::delete() /home/ubuntu/workspace/DB/Modules/delete.php:4
[20-Jun-2016 14:50:00 UTC] PHP   3. Connection::connect() /home/ubuntu/workspace/DB/Classes/option.class.php:50
[20-Jun-2016 14:50:01 UTC] PHP Warning:  Creating default object from empty value in /home/ubuntu/workspace/DB/Classes/connection.class.php on line 23
[20-Jun-2016 14:50:01 UTC] PHP Stack trace:
[20-Jun-2016 14:50:01 UTC] PHP   1. {main}() /home/ubuntu/workspace/DB/Modules/delete.php:0
[20-Jun-2016 14:50:01 UTC] PHP   2. options::delete() /home/ubuntu/workspace/DB/Modules/delete.php:4
[20-Jun-2016 14:50:01 UTC] PHP   3. Connection::connect() /home/ubuntu/workspace/DB/Classes/option.class.php:50
[21-Jun-2016 08:10:53 UTC] PHP Warning:  Creating default object from empty value in /home/ubuntu/workspace/DB/Classes/connection.class.php on line 23
[21-Jun-2016 08:10:53 UTC] PHP Stack trace:
[21-Jun-2016 08:10:53 UTC] PHP   1. {main}() /home/ubuntu/workspace/DB/Modules/update.php:0
[21-Jun-2016 08:10:53 UTC] PHP   2. options::update() /home/ubuntu/workspace/DB/Modules/update.php:4
[21-Jun-2016 08:10:53 UTC] PHP   3. Connection::connect() /home/ubuntu/workspace/DB/Classes/option.class.php:90
[21-Jun-2016 08:11:10 UTC] PHP Warning:  Creating default object from empty value in /home/ubuntu/workspace/DB/Classes/connection.class.php on line 23
[21-Jun-2016 08:11:10 UTC] PHP Stack trace:
[21-Jun-2016 08:11:10 UTC] PHP   1. {main}() /home/ubuntu/workspace/DB/Modules/update.php:0
[21-Jun-2016 08:11:10 UTC] PHP   2. options::update() /home/ubuntu/workspace/DB/Modules/update.php:4
[21-Jun-2016 08:11:10 UTC] PHP   3. Connection::connect() /home/ubuntu/workspace/DB/Classes/option.class.php:90
[21-Jun-2016 08:11:12 UTC] PHP Warning:  Creating default object from empty value in /home/ubuntu/workspace/DB/Classes/connection.class.php on line 23
[21-Jun-2016 08:11:12 UTC] PHP Stack trace:
[21-Jun-2016 08:11:12 UTC] PHP   1. {main}() /home/ubuntu/workspace/DB/Modules/update.php:0
[21-Jun-2016 08:11:12 UTC] PHP   2. options::update() /home/ubuntu/workspace/DB/Modules/update.php:4
[21-Jun-2016 08:11:12 UTC] PHP   3. Connection::connect() /home/ubuntu/workspace/DB/Classes/option.class.php:90
[21-Jun-2016 08:15:37 UTC] PHP Warning:  Creating default object from empty value in /home/ubuntu/workspace/DB/Classes/connection.class.php on line 23
[21-Jun-2016 08:15:37 UTC] PHP Stack trace:
[21-Jun-2016 08:15:37 UTC] PHP   1. {main}() /home/ubuntu/workspace/DB/Modules/update.php:0
[21-Jun-2016 08:15:37 UTC] PHP   2. options::update() /home/ubuntu/workspace/DB/Modules/update.php:4
[21-Jun-2016 08:15:37 UTC] PHP   3. Connection::connect() /home/ubuntu/workspace/DB/Classes/option.class.php:90
[21-Jun-2016 08:17:27 UTC] PHP Warning:  Creating default object from empty value in /home/ubuntu/workspace/DB/Classes/connection.class.php on line 23
[21-Jun-2016 08:17:27 UTC] PHP Stack trace:
[21-Jun-2016 08:17:27 UTC] PHP   1. {main}() /home/ubuntu/workspace/DB/Modules/update.php:0
[21-Jun-2016 08:17:27 UTC] PHP   2. options::update() /home/ubuntu/workspace/DB/Modules/update.php:4
[21-Jun-2016 08:17:27 UTC] PHP   3. Connection::connect() /home/ubuntu/workspace/DB/Classes/option.class.php:90
[21-Jun-2016 08:18:03 UTC] PHP Warning:  Creating default object from empty value in /home/ubuntu/workspace/DB/Classes/connection.class.php on line 23
[21-Jun-2016 08:18:03 UTC] PHP Stack trace:
[21-Jun-2016 08:18:03 UTC] PHP   1. {main}() /home/ubuntu/workspace/DB/Modules/update.php:0
[21-Jun-2016 08:18:03 UTC] PHP   2. options::update() /home/ubuntu/workspace/DB/Modules/update.php:4
[21-Jun-2016 08:18:03 UTC] PHP   3. Connection::connect() /home/ubuntu/workspace/DB/Classes/option.class.php:90
[21-Jun-2016 10:19:24 UTC] PHP Fatal error:  Call to undefined function delete() in /home/ubuntu/workspace/DB/Modules/delete.php on line 4
[21-Jun-2016 10:19:24 UTC] PHP Stack trace:
[21-Jun-2016 10:19:24 UTC] PHP   1. {main}() /home/ubuntu/workspace/DB/Modules/delete.php:0
[21-Jun-2016 10:20:03 UTC] PHP Warning:  Creating default object from empty value in /home/ubuntu/workspace/DB/Classes/connection.class.php on line 23
[21-Jun-2016 10:20:03 UTC] PHP Stack trace:
[21-Jun-2016 10:20:03 UTC] PHP   1. {main}() /home/ubuntu/workspace/DB/Modules/delete.php:0
[21-Jun-2016 10:20:03 UTC] PHP   2. options::delete() /home/ubuntu/workspace/DB/Modules/delete.php:4
[21-Jun-2016 10:20:03 UTC] PHP   3. Connection::connect() /home/ubuntu/workspace/DB/Classes/option.class.php:50
[21-Jun-2016 11:31:05 UTC] PHP Warning:  Creating default object from empty value in /home/ubuntu/workspace/DB/Classes/connection.class.php on line 23
[21-Jun-2016 11:31:05 UTC] PHP Stack trace:
[21-Jun-2016 11:31:05 UTC] PHP   1. {main}() /home/ubuntu/workspace/DB/Modules/update.php:0
[21-Jun-2016 11:31:05 UTC] PHP   2. options::update() /home/ubuntu/workspace/DB/Modules/update.php:4
[21-Jun-2016 11:31:05 UTC] PHP   3. Connection::connect() /home/ubuntu/workspace/DB/Classes/option.class.php:92
[21-Jun-2016 11:31:18 UTC] PHP Warning:  Creating default object from empty value in /home/ubuntu/workspace/DB/Classes/connection.class.php on line 23
[21-Jun-2016 11:31:18 UTC] PHP Stack trace:
[21-Jun-2016 11:31:18 UTC] PHP   1. {main}() /home/ubuntu/workspace/DB/Modules/update.php:0
[21-Jun-2016 11:31:18 UTC] PHP   2. options::update() /home/ubuntu/workspace/DB/Modules/update.php:4
[21-Jun-2016 11:31:18 UTC] PHP   3. Connection::connect() /home/ubuntu/workspace/DB/Classes/option.class.php:92
[21-Jun-2016 11:31:33 UTC] PHP Warning:  Creating default object from empty value in /home/ubuntu/workspace/DB/Classes/connection.class.php on line 23
[21-Jun-2016 11:31:33 UTC] PHP Stack trace:
[21-Jun-2016 11:31:33 UTC] PHP   1. {main}() /home/ubuntu/workspace/DB/Modules/update.php:0
[21-Jun-2016 11:31:33 UTC] PHP   2. options::update() /home/ubuntu/workspace/DB/Modules/update.php:4
[21-Jun-2016 11:31:33 UTC] PHP   3. Connection::connect() /home/ubuntu/workspace/DB/Classes/option.class.php:92
[21-Jun-2016 11:31:39 UTC] PHP Warning:  Creating default object from empty value in /home/ubuntu/workspace/DB/Classes/connection.class.php on line 23
[21-Jun-2016 11:31:39 UTC] PHP Stack trace:
[21-Jun-2016 11:31:39 UTC] PHP   1. {main}() /home/ubuntu/workspace/DB/Modules/update.php:0
[21-Jun-2016 11:31:39 UTC] PHP   2. options::update() /home/ubuntu/workspace/DB/Modules/update.php:4
[21-Jun-2016 11:31:39 UTC] PHP   3. Connection::connect() /home/ubuntu/workspace/DB/Classes/option.class.php:92
[21-Jun-2016 11:45:08 UTC] PHP Warning:  Creating default object from empty value in /home/ubuntu/workspace/DB/Classes/connection.class.php on line 23
[21-Jun-2016 11:45:08 UTC] PHP Stack trace:
[21-Jun-2016 11:45:08 UTC] PHP   1. {main}() /home/ubuntu/workspace/DB/Modules/update.php:0
[21-Jun-2016 11:45:08 UTC] PHP   2. options::update() /home/ubuntu/workspace/DB/Modules/update.php:4
[21-Jun-2016 11:45:08 UTC] PHP   3. Connection::connect() /home/ubuntu/workspace/DB/Classes/option.class.php:92
[21-Jun-2016 11:46:26 UTC] PHP Warning:  Creating default object from empty value in /home/ubuntu/workspace/DB/Classes/connection.class.php on line 23
[21-Jun-2016 11:46:26 UTC] PHP Stack trace:
[21-Jun-2016 11:46:26 UTC] PHP   1. {main}() /home/ubuntu/workspace/DB/Modules/update.php:0
[21-Jun-2016 11:46:26 UTC] PHP   2. options::update() /home/ubuntu/workspace/DB/Modules/update.php:4
[21-Jun-2016 11:46:26 UTC] PHP   3. Connection::connect() /home/ubuntu/workspace/DB/Classes/option.class.php:92
[21-Jun-2016 11:46:37 UTC] PHP Warning:  Creating default object from empty value in /home/ubuntu/workspace/DB/Classes/connection.class.php on line 23
[21-Jun-2016 11:46:37 UTC] PHP Stack trace:
[21-Jun-2016 11:46:37 UTC] PHP   1. {main}() /home/ubuntu/workspace/DB/Modules/update.php:0
[21-Jun-2016 11:46:37 UTC] PHP   2. options::update() /home/ubuntu/workspace/DB/Modules/update.php:4
[21-Jun-2016 11:46:37 UTC] PHP   3. Connection::connect() /home/ubuntu/workspace/DB/Classes/option.class.php:92
[21-Jun-2016 11:48:43 UTC] PHP Warning:  Creating default object from empty value in /home/ubuntu/workspace/DB/Classes/connection.class.php on line 23
[21-Jun-2016 11:48:43 UTC] PHP Stack trace:
[21-Jun-2016 11:48:43 UTC] PHP   1. {main}() /home/ubuntu/workspace/DB/Modules/update.php:0
[21-Jun-2016 11:48:43 UTC] PHP   2. options::update() /home/ubuntu/workspace/DB/Modules/update.php:4
[21-Jun-2016 11:48:43 UTC] PHP   3. Connection::connect() /home/ubuntu/workspace/DB/Classes/option.class.php:92
[21-Jun-2016 11:48:52 UTC] PHP Warning:  Creating default object from empty value in /home/ubuntu/workspace/DB/Classes/connection.class.php on line 23
[21-Jun-2016 11:48:52 UTC] PHP Stack trace:
[21-Jun-2016 11:48:52 UTC] PHP   1. {main}() /home/ubuntu/workspace/DB/Modules/update.php:0
[21-Jun-2016 11:48:52 UTC] PHP   2. options::update() /home/ubuntu/workspace/DB/Modules/update.php:4
[21-Jun-2016 11:48:52 UTC] PHP   3. Connection::connect() /home/ubuntu/workspace/DB/Classes/option.class.php:92
[21-Jun-2016 11:51:56 UTC] PHP Warning:  Creating default object from empty value in /home/ubuntu/workspace/DB/Classes/connection.class.php on line 23
[21-Jun-2016 11:51:56 UTC] PHP Stack trace:
[21-Jun-2016 11:51:56 UTC] PHP   1. {main}() /home/ubuntu/workspace/DB/Modules/update.php:0
[21-Jun-2016 11:51:56 UTC] PHP   2. options::update() /home/ubuntu/workspace/DB/Modules/update.php:4
[21-Jun-2016 11:51:56 UTC] PHP   3. Connection::connect() /home/ubuntu/workspace/DB/Classes/option.class.php:92
[21-Jun-2016 11:54:19 UTC] PHP Warning:  Creating default object from empty value in /home/ubuntu/workspace/DB/Classes/connection.class.php on line 23
[21-Jun-2016 11:54:19 UTC] PHP Stack trace:
[21-Jun-2016 11:54:19 UTC] PHP   1. {main}() /home/ubuntu/workspace/DB/Modules/update.php:0
[21-Jun-2016 11:54:19 UTC] PHP   2. options::update() /home/ubuntu/workspace/DB/Modules/update.php:4
[21-Jun-2016 11:54:19 UTC] PHP   3. Connection::connect() /home/ubuntu/workspace/DB/Classes/option.class.php:92
[21-Jun-2016 11:54:31 UTC] PHP Warning:  Creating default object from empty value in /home/ubuntu/workspace/DB/Classes/connection.class.php on line 23
[21-Jun-2016 11:54:31 UTC] PHP Stack trace:
[21-Jun-2016 11:54:31 UTC] PHP   1. {main}() /home/ubuntu/workspace/DB/Modules/update.php:0
[21-Jun-2016 11:54:31 UTC] PHP   2. options::update() /home/ubuntu/workspace/DB/Modules/update.php:4
[21-Jun-2016 11:54:31 UTC] PHP   3. Connection::connect() /home/ubuntu/workspace/DB/Classes/option.class.php:92
[21-Jun-2016 11:55:02 UTC] PHP Warning:  Creating default object from empty value in /home/ubuntu/workspace/DB/Classes/connection.class.php on line 23
[21-Jun-2016 11:55:02 UTC] PHP Stack trace:
[21-Jun-2016 11:55:02 UTC] PHP   1. {main}() /home/ubuntu/workspace/DB/Modules/update.php:0
[21-Jun-2016 11:55:02 UTC] PHP   2. options::update() /home/ubuntu/workspace/DB/Modules/update.php:4
[21-Jun-2016 11:55:02 UTC] PHP   3. Connection::connect() /home/ubuntu/workspace/DB/Classes/option.class.php:92
[21-Jun-2016 11:55:14 UTC] PHP Warning:  Creating default object from empty value in /home/ubuntu/workspace/DB/Classes/connection.class.php on line 23
[21-Jun-2016 11:55:14 UTC] PHP Stack trace:
[21-Jun-2016 11:55:14 UTC] PHP   1. {main}() /home/ubuntu/workspace/DB/Modules/update.php:0
[21-Jun-2016 11:55:14 UTC] PHP   2. options::update() /home/ubuntu/workspace/DB/Modules/update.php:4
[21-Jun-2016 11:55:14 UTC] PHP   3. Connection::connect() /home/ubuntu/workspace/DB/Classes/option.class.php:92
[21-Jun-2016 11:55:38 UTC] PHP Warning:  Creating default object from empty value in /home/ubuntu/workspace/DB/Classes/connection.class.php on line 23
[21-Jun-2016 11:55:38 UTC] PHP Stack trace:
[21-Jun-2016 11:55:38 UTC] PHP   1. {main}() /home/ubuntu/workspace/DB/Modules/update.php:0
[21-Jun-2016 11:55:38 UTC] PHP   2. options::update() /home/ubuntu/workspace/DB/Modules/update.php:4
[21-Jun-2016 11:55:38 UTC] PHP   3. Connection::connect() /home/ubuntu/workspace/DB/Classes/option.class.php:92
[21-Jun-2016 11:56:51 UTC] PHP Warning:  Creating default object from empty value in /home/ubuntu/workspace/DB/Classes/connection.class.php on line 23
[21-Jun-2016 11:56:51 UTC] PHP Stack trace:
[21-Jun-2016 11:56:51 UTC] PHP   1. {main}() /home/ubuntu/workspace/DB/Modules/update.php:0
[21-Jun-2016 11:56:51 UTC] PHP   2. options::update() /home/ubuntu/workspace/DB/Modules/update.php:4
[21-Jun-2016 11:56:51 UTC] PHP   3. Connection::connect() /home/ubuntu/workspace/DB/Classes/option.class.php:92
[21-Jun-2016 11:57:15 UTC] PHP Warning:  Creating default object from empty value in /home/ubuntu/workspace/DB/Classes/connection.class.php on line 23
[21-Jun-2016 11:57:15 UTC] PHP Stack trace:
[21-Jun-2016 11:57:15 UTC] PHP   1. {main}() /home/ubuntu/workspace/DB/Modules/update.php:0
[21-Jun-2016 11:57:15 UTC] PHP   2. options::update() /home/ubuntu/workspace/DB/Modules/update.php:4
[21-Jun-2016 11:57:15 UTC] PHP   3. Connection::connect() /home/ubuntu/workspace/DB/Classes/option.class.php:92
[21-Jun-2016 11:57:54 UTC] PHP Warning:  Creating default object from empty value in /home/ubuntu/workspace/DB/Classes/connection.class.php on line 23
[21-Jun-2016 11:57:54 UTC] PHP Stack trace:
[21-Jun-2016 11:57:54 UTC] PHP   1. {main}() /home/ubuntu/workspace/DB/Modules/update.php:0
[21-Jun-2016 11:57:54 UTC] PHP   2. options::update() /home/ubuntu/workspace/DB/Modules/update.php:4
[21-Jun-2016 11:57:54 UTC] PHP   3. Connection::connect() /home/ubuntu/workspace/DB/Classes/option.class.php:92
[21-Jun-2016 11:59:05 UTC] PHP Warning:  Creating default object from empty value in /home/ubuntu/workspace/DB/Classes/connection.class.php on line 23
[21-Jun-2016 11:59:05 UTC] PHP Stack trace:
[21-Jun-2016 11:59:05 UTC] PHP   1. {main}() /home/ubuntu/workspace/DB/Modules/update.php:0
[21-Jun-2016 11:59:05 UTC] PHP   2. options::update() /home/ubuntu/workspace/DB/Modules/update.php:4
[21-Jun-2016 11:59:05 UTC] PHP   3. Connection::connect() /home/ubuntu/workspace/DB/Classes/option.class.php:92
[21-Jun-2016 12:02:05 UTC] PHP Warning:  Creating default object from empty value in /home/ubuntu/workspace/DB/Classes/connection.class.php on line 23
[21-Jun-2016 12:02:05 UTC] PHP Stack trace:
[21-Jun-2016 12:02:05 UTC] PHP   1. {main}() /home/ubuntu/workspace/DB/Modules/update.php:0
[21-Jun-2016 12:02:05 UTC] PHP   2. options::update() /home/ubuntu/workspace/DB/Modules/update.php:4
[21-Jun-2016 12:02:05 UTC] PHP   3. Connection::connect() /home/ubuntu/workspace/DB/Classes/option.class.php:92
